<?xml version="1.0" encoding="UTF-8"?>
<!-- Generated by org.testng.reporters.JUnitReportReporter -->
<testsuite hostname="L-INE-B0Z4T93" failures="0" tests="1" name="allure.allure" time="9.317" errors="0" timestamp="2025-03-12T12:14:13 IST" skipped="0">
  <testcase classname="allure.allure" name="setup" time="9.317"/>
  <system-out/>
</testsuite> <!-- allure.allure -->
